 INFO DatabaseUtil:48 - Active user: unknown user
 INFO ScreenPane:54 - addController: AboutUsMainScreen com.xenakis.screenController.AboutUsMainScreenController@7fb7cc1f
 INFO ScreenPane:54 - addController: ScoreTableScreen com.xenakis.screenController.ScoreTableScreenController@5fe67bc7
 INFO ScreenPane:54 - addController: RecognitionChapterScreen com.xenakis.screenController.RecognitionChapterScreenController@210c5fe3
 INFO ScreenPane:54 - addController: KatonomasiaChapterScreen com.xenakis.screenController.KatonomasiaChapterScreenController@4553b2f4
 INFO ScreenPane:54 - addController: CombinationalChapterScreen com.xenakis.screenController.CombinationalChapterScreenController@27446d7
 INFO SoundService:26 - Play sound with name = endProgramSound
 INFO ScreenPane:54 - addController: MainScreen com.xenakis.screenController.MainScreenController@77d0a4ce
 INFO ScreenPane:54 - addController: PreTestScreen com.xenakis.screenController.PreTestScreenController@687bab35
 INFO ScreenPane:54 - addController: PostTestScreen com.xenakis.screenController.PostTestScreenController@59a2c961
 INFO ScreenPane:54 - addController: WhatIsThisMainScreen com.xenakis.screenController.WhatIsThisMainScreenController@79ca3214
 INFO ScoreTableScreenController:102 - refreshCategoriesList for chapterGreekName: Όλαthe categories are: 
 INFO ScoreTableScreenController:104 - Σώμα
 INFO ScoreTableScreenController:104 - Ζώα
 INFO ScoreTableScreenController:104 - Φρούτα
 INFO ScoreTableScreenController:104 - Αντικείμενα
 INFO ScoreTableScreenController:104 - Χρώματα
 INFO ScoreTableScreenController:104 - Σχήματα
 INFO ScoreTableScreenController:104 - Επαγγέλματα
 INFO ScoreTableScreenController:104 - Ηλεκτρικές Συσκευές
 INFO ScoreTableScreenController:104 - Τοποθεσία
 INFO ScoreTableScreenController:104 - Οχήματα
 INFO ScoreTableScreenController:104 - Ενέργειες
 INFO ScoreTableScreenController:104 - Συναισθήματα
 INFO ScoreTableScreenController:104 - Εποχές
 INFO ScoreTableScreenController:104 - Μήνες
 INFO ScoreTableScreenController:104 - Μέρες Της Εβδομάδας
 INFO ScoreTableScreenController:104 - Αντιθετικοί Προσδιορισμοί
 INFO ScoreTableScreenController:104 - Αφαιρετική Ικανότητα
 INFO ScoreTableScreenController:104 - Αυτοματοποιημένες Πράξεις
 INFO ScoreTableScreenController:104 - Ερωτήσεις Κλειστού Τύπου
 INFO ScoreTableScreenController:104 - Εντοπισμός
 INFO ScoreTableScreenController:104 - Ορισμοί
 INFO ScoreTableScreenController:104 - Συμπλήρωση προτάσεων
 INFO ScoreTableScreenController:104 - Ήχοι
 INFO ScoreTableScreenController:104 - Αντικείμενα
 INFO ScoreTableScreenController:104 - Επαγγέλματα
 INFO ScoreTableScreenController:104 - Ενέργειες
 INFO ScoreTableScreenController:104 - Αλληλουχία Πράξεων
 INFO ScoreTableScreenController:141 - Renew Scores: chapterId = 0, categoryId = 0
 INFO SoundService:26 - Play sound with name = chapter1Anagnorisi
 INFO SoundService:26 - Play sound with name = chapter3Sisxetizomenesennoies
 INFO SoundService:26 - Play sound with name = chapter2Katonomasia
